<?xml version="1.0" encoding="UTF-8"?>
<testng-results skipped="0" failed="0" ignored="3" total="4" passed="1">
  <reporter-output>
  </reporter-output>
  <suite name="Default suite" duration-ms="103" started-at="2019-01-20T06:07:14Z" finished-at="2019-01-20T06:07:14Z">
    <groups>
    </groups>
    <test name="Default test" duration-ms="103" started-at="2019-01-20T06:07:14Z" finished-at="2019-01-20T06:07:14Z">
      <class name="com.app.tests.HomePageTest">
        <test-method status="PASS" signature="verifyWomenTab()[pri:0, instance:com.app.tests.HomePageTest@6337c201]" name="verifyWomenTab" duration-ms="76" started-at="2019-01-20T06:07:14Z" finished-at="2019-01-20T06:07:14Z">
          <reporter-output>
          </reporter-output>
        </test-method> <!-- verifyWomenTab -->
      </class> <!-- com.app.tests.HomePageTest -->
    </test> <!-- Default test -->
  </suite> <!-- Default suite -->
</testng-results>
